estimatedsystem.py run at 2026-03-10T16:27:20.868181

Data period: 1994-07-12 to 2024-03-28

Sharpe: 0.7701

Instruments: ['AAPL_yfinance', 'AMZN_yfinance', 'AVGO_yfinance', 'BRK-B_yfinance', 'GOOGL_yfinance', 'GOOG_yfinance', 'META_yfinance', 'MSFT_yfinance', 'NVDA_yfinance', 'TSLA_yfinance']

Percent stats:
  (includes margin cost on excess capital: data/custom/FUNDING_COST.csv + 100bp)
  Daily:
    min: -17.53
    max: 14.52
    median: 0.0324
    mean: 0.08618
    std: 1.791
    skew: -0.4417
  ann_mean: 22.06
  ann_std: 28.65
  sharpe: 0.7701
  sortino: 0.9439
  avg_drawdown: -20.15
  geometric_worst_drawdown: -50.47 (peak: 2007-11-06, trough: 2009-07-07)
  time_in_drawdown: 0.9463
  calmar: 0.3538
  avg_return_to_drawdown: 1.095
  avg_loss: -1.135
  avg_gain: 1.198
  gaintolossratio: 1.055
  profitfactor: 1.162
  hitrate: 0.5241
  t_stat: 4.238
  p_value: 2.281e-05

  You can also plot / print: ['rolling_ann_std', 'drawdown', 'curve', 'percent'] (time series)

Capital usage (gross notional vs notional capital):
  Average capital used: 149.41%
  Average leverage: 1.49x

Estimated instrument weights (final, descending):
  BRK-B_yfinance            0.2367
  TSLA_yfinance             0.2367
  GOOGL_yfinance            0.0999
  GOOG_yfinance             0.0999
  AAPL_yfinance             0.0750
  META_yfinance             0.0722
  AVGO_yfinance             0.0456
  NVDA_yfinance             0.0456
  MSFT_yfinance             0.0441
  AMZN_yfinance             0.0441
  --- total: 1.0000  (10 instruments with weight > 0)

B&H percent stats:
  (includes margin cost on excess capital: data/custom/FUNDING_COST.csv + 100bp)
  Data period: 1994-07-12 to 2024-03-28
  Daily:
    min: -7.758
    max: 11.93
    median: 0.09857
    mean: 0.106
    std: 1.527
    skew: -0.1563
  ann_mean: 27.14
  ann_std: 24.44
  sharpe: 1.111
  sortino: 1.572
  avg_drawdown: -10.41
  geometric_worst_drawdown: -46.50 (peak: 2007-11-06, trough: 2008-11-20)
  time_in_drawdown: 0.8958
  calmar: 0.4626
  avg_return_to_drawdown: 2.606
  avg_loss: -1.098
  avg_gain: 1.164
  gaintolossratio: 1.06
  profitfactor: 1.209
  hitrate: 0.5327
  t_stat: 6.112
  p_value: 1.031e-09

Capital usage (gross notional vs notional capital):
  Average capital used: 134.13%
  Average leverage: 1.34x

Estimated instrument weights (final, descending):
  BRK-B_yfinance            0.2914
  TSLA_yfinance             0.1718
  GOOG_yfinance             0.1254
  GOOGL_yfinance            0.1242
  AAPL_yfinance             0.0836
  META_yfinance             0.0589
  AMZN_yfinance             0.0376
  MSFT_yfinance             0.0370
  AVGO_yfinance             0.0361
  NVDA_yfinance             0.0340
  --- total: 1.0000  (10 instruments with weight > 0)

B&H benchmarks (1× notional buy-and-hold):

SP500 B&H percent stats:
  Average capital used: 100.00%%
  Average leverage: 1.00x
  Data period: 1994-07-12 to 2024-03-28
  Daily:
    min: -9.879
    max: 14.11
    median: 0.04294
    mean: 0.03462
    std: 1.162
    skew: -0.03356
  ann_mean: 8.864
  ann_std: 18.59
  sharpe: 0.4768
  sortino: 0.6021
  avg_drawdown: -12.43
  geometric_worst_drawdown: -63.10 (peak: 2000-03-24, trough: 2009-03-09)
  time_in_drawdown: 0.9043
  calmar: 0.1141
  avg_return_to_drawdown: 0.7132
  avg_loss: -0.8292
  avg_gain: 0.7671
  gaintolossratio: 0.9252
  profitfactor: 1.095
  hitrate: 0.5419
  t_stat: 2.624
  p_value: 0.008709

SPY_yfinance B&H percent stats:
  Average capital used: 100.00%%
  Average leverage: 1.00x
  Data period: 1994-07-12 to 2024-03-28
  Daily:
    min: -10.03
    max: 10.56
    median: 0.03337
    mean: 0.03468
    std: 0.8966
    skew: -0.161
  ann_mean: 8.879
  ann_std: 14.35
  sharpe: 0.6189
  sortino: 0.7647
  avg_drawdown: -5.985
  geometric_worst_drawdown: -43.08 (peak: 2007-10-09, trough: 2009-03-09)
  time_in_drawdown: 0.8757
  calmar: 0.1743
  avg_return_to_drawdown: 1.484
  avg_loss: -0.6257
  avg_gain: 0.59
  gaintolossratio: 0.9429
  profitfactor: 1.127
  hitrate: 0.5444
  t_stat: 3.406
  p_value: 0.0006625

Total runtime: 1 min 3.8 sec (63.8 sec)
