estimatedsystem.py run at 2026-03-09T17:52:02.936236

Data period: 1994-07-12 to 2024-03-28

Sharpe: 0.1815

Instruments: ['ALB_yfinance', 'AMCR_yfinance', 'ARES_yfinance', 'AVB_yfinance', 'AWK_yfinance', 'BG_yfinance', 'BIIB_yfinance', 'BRO_yfinance', 'BR_yfinance', 'CFG_yfinance', 'CHD_yfinance', 'CHRW_yfinance', 'CHTR_yfinance', 'CINF_yfinance', 'CMS_yfinance', 'CNC_yfinance', 'CNP_yfinance', 'CPAY_yfinance', 'CSGP_yfinance', 'CTRA_yfinance', 'DD_yfinance', 'DGX_yfinance', 'DLTR_yfinance', 'DOV_yfinance', 'DOW_yfinance', 'DRI_yfinance', 'DVN_yfinance', 'DXCM_yfinance', 'EFX_yfinance', 'EIX_yfinance', 'EQR_yfinance', 'ES_yfinance', 'EVRG_yfinance', 'EXE_yfinance', 'EXPD_yfinance', 'FE_yfinance', 'FIS_yfinance', 'FSLR_yfinance', 'GIS_yfinance', 'GPN_yfinance', 'HAL_yfinance', 'HPE_yfinance', 'HUBB_yfinance', 'HUM_yfinance', 'IBKR_yfinance', 'IFF_yfinance', 'INCY_yfinance', 'IP_yfinance', 'IQV_yfinance', 'JBHT_yfinance', 'JBL_yfinance', 'KEY_yfinance', 'KHC_yfinance', 'LDOS_yfinance', 'LEN_yfinance', 'LH_yfinance', 'LULU_yfinance', 'LUV_yfinance', 'LYB_yfinance', 'L_yfinance', 'MRNA_yfinance', 'MTD_yfinance', 'NI_yfinance', 'NTAP_yfinance', 'NTRS_yfinance', 'NVR_yfinance', 'OMC_yfinance', 'ON_yfinance', 'PFG_yfinance', 'PHM_yfinance', 'PKG_yfinance', 'PPG_yfinance', 'PPL_yfinance', 'PTC_yfinance', 'Q_yfinance', 'RF_yfinance', 'RL_yfinance', 'ROL_yfinance', 'SBAC_yfinance', 'SMCI_yfinance', 'SNA_yfinance', 'STE_yfinance', 'STLD_yfinance', 'STZ_yfinance', 'SW_yfinance', 'SYF_yfinance', 'TPR_yfinance', 'TROW_yfinance', 'TSCO_yfinance', 'TSN_yfinance', 'UAL_yfinance', 'ULTA_yfinance', 'VLTO_yfinance', 'VRSK_yfinance', 'VRSN_yfinance', 'WAT_yfinance', 'WRB_yfinance', 'WSM_yfinance', 'WTW_yfinance', 'XYL_yfinance']

Percent stats:
  Daily:
    min: -3.268e+04
    max: 3.12e+07
    median: 0.02321
    mean: 4019
    std: 3.543e+05
    skew: 88.03
  ann_mean: 1.029e+06
  ann_std: 5.669e+06
  sharpe: 0.1815
  sortino: 118.1
  avg_drawdown: -3.806e+04
  geometric_worst_drawdown: -9721.45 (peak: 1994-09-13, trough: 1995-06-22)
  time_in_drawdown: 0.9978
  calmar: 26.04
  avg_return_to_drawdown: 27.03
  avg_loss: -11.47
  avg_gain: 7802
  gaintolossratio: 680.2
  profitfactor: 726.7
  hitrate: 0.5165
  t_stat: 0.9987
  p_value: 0.318

  You can also plot / print: ['rolling_ann_std', 'drawdown', 'curve', 'percent'] (time series)

B&H percent stats:
  Data period: 1994-07-12 to 2024-03-28
  Daily:
    min: -2.973e+04
    max: 2.244e+07
    median: 0.101
    mean: 2905
    std: 2.549e+05
    skew: 88.03
  ann_mean: 7.436e+05
  ann_std: 4.078e+06
  sharpe: 0.1824
  sortino: 93.74
  avg_drawdown: -1.437e+04
  geometric_worst_drawdown: -13599259384.42 (peak: 1995-06-22, trough: 2024-03-28)
  time_in_drawdown: 0.9327
  calmar: 25.01
  avg_return_to_drawdown: 51.73
  avg_loss: -9.399
  avg_gain: 5438
  gaintolossratio: 578.6
  profitfactor: 667.3
  hitrate: 0.5356
  t_stat: 1.004
  p_value: 0.3156

B&H benchmarks (all-in, full vol-targeted):

SP500 B&H percent stats:
  Data period: 1994-07-12 to 2024-03-28
  Daily:
    min: -11.19
    max: 5.643
    median: 0.06919
    mean: 0.04642
    std: 1.345
    skew: -0.6068
  ann_mean: 11.88
  ann_std: 21.53
  sharpe: 0.552
  sortino: 0.7249
  avg_drawdown: -20.17
  geometric_worst_drawdown: -61.96 (peak: 1999-07-16, trough: 2009-03-09)
  time_in_drawdown: 0.9376
  calmar: 0.1377
  avg_return_to_drawdown: 0.5892
  avg_loss: -0.9832
  avg_gain: 0.9879
  gaintolossratio: 1.005
  profitfactor: 1.099
  hitrate: 0.5224
  t_stat: 3.038
  p_value: 0.002389

SPY_yfinance B&H percent stats:
  Data period: 1994-07-12 to 2024-03-28
  Daily:
    min: -9.786
    max: 6.343
    median: 0.06302
    mean: 0.0633
    std: 1.356
    skew: -0.5546
  ann_mean: 16.2
  ann_std: 21.7
  sharpe: 0.7469
  sortino: 0.9928
  avg_drawdown: -14
  geometric_worst_drawdown: -54.82 (peak: 2000-03-24, trough: 2003-03-11)
  time_in_drawdown: 0.9193
  calmar: 0.2231
  avg_return_to_drawdown: 1.157
  avg_loss: -0.9805
  avg_gain: 1.019
  gaintolossratio: 1.039
  profitfactor: 1.135
  hitrate: 0.522
  t_stat: 4.11
  p_value: 3.996e-05

Total runtime: 25 min 47.2 sec (1547.2 sec)
