estimatedsystem.py run at 2026-03-09T15:23:41.478350

Data period: 1994-07-12 to 2024-03-28

Sharpe: 0.6548

Instruments: ['AAPL_yfinance', 'ABBV_yfinance', 'ABT_yfinance', 'ACN_yfinance', 'ADBE_yfinance', 'ADI_yfinance', 'AMAT_yfinance', 'AMD_yfinance', 'AMGN_yfinance', 'AMZN_yfinance', 'ANET_yfinance', 'APH_yfinance', 'APP_yfinance', 'AVGO_yfinance', 'AXP_yfinance', 'BAC_yfinance', 'BA_yfinance', 'BKNG_yfinance', 'BLK_yfinance', 'BMY_yfinance', 'BRK-B_yfinance', 'CAT_yfinance', 'CB_yfinance', 'CEG_yfinance', 'COF_yfinance', 'COP_yfinance', 'COST_yfinance', 'CRM_yfinance', 'CSCO_yfinance', 'CVX_yfinance', 'C_yfinance', 'DE_yfinance', 'DHR_yfinance', 'DIS_yfinance', 'ETN_yfinance', 'GEV_yfinance', 'GE_yfinance', 'GILD_yfinance', 'GOOGL_yfinance', 'GOOG_yfinance', 'GS_yfinance', 'HCA_yfinance', 'HD_yfinance', 'HON_yfinance', 'IBM_yfinance', 'INTC_yfinance', 'INTU_yfinance', 'ISRG_yfinance', 'JPM_yfinance', 'KLAC_yfinance', 'KO_yfinance', 'LIN_yfinance', 'LLY_yfinance', 'LMT_yfinance', 'LOW_yfinance', 'LRCX_yfinance', 'MA_yfinance', 'MCD_yfinance', 'MDT_yfinance', 'META_yfinance', 'MRK_yfinance', 'MSFT_yfinance', 'MS_yfinance', 'MU_yfinance', 'NEE_yfinance', 'NEM_yfinance', 'NFLX_yfinance', 'NOW_yfinance', 'NVDA_yfinance', 'ORCL_yfinance', 'PANW_yfinance', 'PEP_yfinance', 'PFE_yfinance', 'PGR_yfinance', 'PG_yfinance', 'PH_yfinance', 'PLD_yfinance', 'PLTR_yfinance', 'PM_yfinance', 'QCOM_yfinance', 'RTX_yfinance', 'SCHW_yfinance', 'SPGI_yfinance', 'SYK_yfinance', 'TJX_yfinance', 'TMO_yfinance', 'TMUS_yfinance', 'TSLA_yfinance', 'TXN_yfinance', 'T_yfinance', 'UBER_yfinance', 'UNH_yfinance', 'UNP_yfinance', 'VRTX_yfinance', 'VZ_yfinance', 'V_yfinance', 'WELL_yfinance', 'WFC_yfinance', 'WMT_yfinance', 'XOM_yfinance']

Percent stats:
  Daily:
    min: -22.76
    max: 7.44
    median: 0.05322
    mean: 0.06304
    std: 1.54
    skew: -1.025
  ann_mean: 16.14
  ann_std: 24.64
  sharpe: 0.6548
  sortino: 0.7886
  avg_drawdown: -21
  geometric_worst_drawdown: -51.92 (peak: 2018-01-26, trough: 2019-08-05)
  time_in_drawdown: 0.9389
  calmar: 0.249
  avg_return_to_drawdown: 0.7683
  avg_loss: -1.013
  avg_gain: 1.031
  gaintolossratio: 1.018
  profitfactor: 1.132
  hitrate: 0.5265
  t_stat: 3.604
  p_value: 0.0003157

  You can also plot / print: ['rolling_ann_std', 'drawdown', 'curve', 'percent'] (time series)

B&H percent stats:
  Data period: 1994-07-12 to 2024-03-28
  Daily:
    min: -11.44
    max: 8.222
    median: 0.1241
    mean: 0.1198
    std: 1.657
    skew: -0.4768
  ann_mean: 30.67
  ann_std: 26.52
  sharpe: 1.156
  sortino: 1.54
  avg_drawdown: -8.484
  geometric_worst_drawdown: -50.99 (peak: 2007-10-31, trough: 2009-03-09)
  time_in_drawdown: 0.8558
  calmar: 0.4856
  avg_return_to_drawdown: 3.615
  avg_loss: -1.182
  avg_gain: 1.231
  gaintolossratio: 1.042
  profitfactor: 1.22
  hitrate: 0.5395
  t_stat: 6.364
  p_value: 2.077e-10

B&H benchmarks (all-in, full vol-targeted):

SP500 B&H percent stats:
  Data period: 1994-07-12 to 2024-03-28
  Daily:
    min: -11.19
    max: 5.643
    median: 0.06919
    mean: 0.04642
    std: 1.345
    skew: -0.6068
  ann_mean: 11.88
  ann_std: 21.53
  sharpe: 0.552
  sortino: 0.7249
  avg_drawdown: -20.17
  geometric_worst_drawdown: -61.96 (peak: 1999-07-16, trough: 2009-03-09)
  time_in_drawdown: 0.9376
  calmar: 0.1377
  avg_return_to_drawdown: 0.5892
  avg_loss: -0.9832
  avg_gain: 0.9879
  gaintolossratio: 1.005
  profitfactor: 1.099
  hitrate: 0.5224
  t_stat: 3.038
  p_value: 0.002389

SPY_yfinance B&H percent stats:
  Data period: 1994-07-12 to 2024-03-28
  Daily:
    min: -9.786
    max: 6.343
    median: 0.06302
    mean: 0.0633
    std: 1.356
    skew: -0.5546
  ann_mean: 16.2
  ann_std: 21.7
  sharpe: 0.7469
  sortino: 0.9928
  avg_drawdown: -14
  geometric_worst_drawdown: -54.82 (peak: 2000-03-24, trough: 2003-03-11)
  time_in_drawdown: 0.9193
  calmar: 0.2231
  avg_return_to_drawdown: 1.157
  avg_loss: -0.9805
  avg_gain: 1.019
  gaintolossratio: 1.039
  profitfactor: 1.135
  hitrate: 0.522
  t_stat: 4.11
  p_value: 3.996e-05
