estimatedsystem.py run at 2026-03-09T18:31:57.822606

Data period: 1994-07-12 to 2024-03-28

Sharpe: 0.51

Instruments: ['AES_yfinance', 'AIZ_yfinance', 'AKAM_yfinance', 'ALGN_yfinance', 'ALLE_yfinance', 'AOS_yfinance', 'APA_yfinance', 'APTV_yfinance', 'ARE_yfinance', 'AVY_yfinance', 'BALL_yfinance', 'BAX_yfinance', 'BBY_yfinance', 'BEN_yfinance', 'BF-B_yfinance', 'BLDR_yfinance', 'BXP_yfinance', 'CAG_yfinance', 'CDW_yfinance', 'CF_yfinance', 'CLX_yfinance', 'COO_yfinance', 'CPB_yfinance', 'CPT_yfinance', 'CRL_yfinance', 'DECK_yfinance', 'DOC_yfinance', 'DPZ_yfinance', 'DVA_yfinance', 'EG_yfinance', 'EPAM_yfinance', 'ERIE_yfinance', 'ESS_yfinance', 'FDS_yfinance', 'FFIV_yfinance', 'FOXA_yfinance', 'FOX_yfinance', 'FRT_yfinance', 'FTV_yfinance', 'GDDY_yfinance', 'GEN_yfinance', 'GL_yfinance', 'GNRC_yfinance', 'GPC_yfinance', 'HAS_yfinance', 'HII_yfinance', 'HOLX_yfinance', 'HPQ_yfinance', 'HRL_yfinance', 'HSIC_yfinance', 'HST_yfinance', 'IEX_yfinance', 'INVH_yfinance', 'IT_yfinance', 'IVZ_yfinance', 'JKHY_yfinance', 'J_yfinance', 'KIM_yfinance', 'LII_yfinance', 'LNT_yfinance', 'LW_yfinance', 'MAA_yfinance', 'MAS_yfinance', 'MGM_yfinance', 'MKC_yfinance', 'MOH_yfinance', 'MOS_yfinance', 'MTCH_yfinance', 'NCLH_yfinance', 'NDSN_yfinance', 'NWSA_yfinance', 'NWS_yfinance', 'PAYC_yfinance', 'PNR_yfinance', 'PNW_yfinance', 'PODD_yfinance', 'POOL_yfinance', 'PSKY_yfinance', 'REG_yfinance', 'RVTY_yfinance', 'SJM_yfinance', 'SOLV_yfinance', 'SWKS_yfinance', 'SWK_yfinance', 'TAP_yfinance', 'TECH_yfinance', 'TKO_yfinance', 'TRMB_yfinance', 'TTD_yfinance', 'TXT_yfinance', 'TYL_yfinance', 'UDR_yfinance', 'UHS_yfinance', 'VTRS_yfinance', 'WST_yfinance', 'WYNN_yfinance', 'WY_yfinance', 'ZBH_yfinance', 'ZBRA_yfinance']

Percent stats:
  Daily:
    min: -13.33
    max: 8.224
    median: 0.02735
    mean: 0.04682
    std: 1.469
    skew: -0.6725
  ann_mean: 11.99
  ann_std: 23.5
  sharpe: 0.51
  sortino: 0.6287
  avg_drawdown: -17.81
  geometric_worst_drawdown: -48.89 (peak: 2021-09-02, trough: 2024-01-31)
  time_in_drawdown: 0.9511
  calmar: 0.1888
  avg_return_to_drawdown: 0.6729
  avg_loss: -0.9717
  avg_gain: 1.003
  gaintolossratio: 1.032
  profitfactor: 1.1
  hitrate: 0.5158
  t_stat: 2.807
  p_value: 0.005017

  You can also plot / print: ['rolling_ann_std', 'drawdown', 'curve', 'percent'] (time series)

B&H percent stats:
  Data period: 1994-07-12 to 2024-03-28
  Daily:
    min: -9.862
    max: 7.461
    median: 0.08728
    mean: 0.09167
    std: 1.566
    skew: -0.4858
  ann_mean: 23.47
  ann_std: 25.05
  sharpe: 0.9368
  sortino: 1.248
  avg_drawdown: -9.805
  geometric_worst_drawdown: -54.43 (peak: 2007-02-20, trough: 2009-03-09)
  time_in_drawdown: 0.8813
  calmar: 0.3517
  avg_return_to_drawdown: 2.393
  avg_loss: -1.117
  avg_gain: 1.166
  gaintolossratio: 1.043
  profitfactor: 1.175
  hitrate: 0.5296
  t_stat: 5.155
  p_value: 2.597e-07

B&H benchmarks (all-in, full vol-targeted):

SP500 B&H percent stats:
  Data period: 1994-07-12 to 2024-03-28
  Daily:
    min: -11.19
    max: 5.643
    median: 0.06919
    mean: 0.04642
    std: 1.345
    skew: -0.6068
  ann_mean: 11.88
  ann_std: 21.53
  sharpe: 0.552
  sortino: 0.7249
  avg_drawdown: -20.17
  geometric_worst_drawdown: -61.96 (peak: 1999-07-16, trough: 2009-03-09)
  time_in_drawdown: 0.9376
  calmar: 0.1377
  avg_return_to_drawdown: 0.5892
  avg_loss: -0.9832
  avg_gain: 0.9879
  gaintolossratio: 1.005
  profitfactor: 1.099
  hitrate: 0.5224
  t_stat: 3.038
  p_value: 0.002389

SPY_yfinance B&H percent stats:
  Data period: 1994-07-12 to 2024-03-28
  Daily:
    min: -9.786
    max: 6.343
    median: 0.06302
    mean: 0.0633
    std: 1.356
    skew: -0.5546
  ann_mean: 16.2
  ann_std: 21.7
  sharpe: 0.7469
  sortino: 0.9928
  avg_drawdown: -14
  geometric_worst_drawdown: -54.82 (peak: 2000-03-24, trough: 2003-03-11)
  time_in_drawdown: 0.9193
  calmar: 0.2231
  avg_return_to_drawdown: 1.157
  avg_loss: -0.9805
  avg_gain: 1.019
  gaintolossratio: 1.039
  profitfactor: 1.135
  hitrate: 0.522
  t_stat: 4.11
  p_value: 3.996e-05

Total runtime: 25 min 40.0 sec (1540.0 sec)
