estimatedsystem.py run at 2026-03-03T11:01:39.901087

Data period: 1972-10-18 to 2024-03-28

Sharpe: 0.5314

Percent stats:
  Daily:
    min: -21.15
    max: 9.6
    median: 0.009973
    mean: 0.04315
    std: 1.299
    skew: -0.4709
  ann_mean: 11.05
  ann_std: 20.78
  sharpe: 0.5314
  sortino: 0.6905
  avg_drawdown: -20.21
  geometric_worst_drawdown: -52.77 (peak: 1974-02-25, trough: 1981-07-13)
  time_in_drawdown: 0.9684
  calmar: 0.1631
  avg_return_to_drawdown: 0.5464
  avg_loss: -0.9014
  avg_gain: 0.916
  gaintolossratio: 1.016
  profitfactor: 1.103
  hitrate: 0.5205
  t_stat: 3.848
  p_value: 0.0001196

  You can also plot / print: ['rolling_ann_std', 'drawdown', 'curve', 'percent'] (time series)

B&H percent stats:
  Data period: 1972-10-18 to 2024-03-28
  Daily:
    min: -8.355
    max: 7.025
    median: -3.6e-06
    mean: 0.02893
    std: 1.129
    skew: -0.06069
  ann_mean: 7.405
  ann_std: 18.07
  sharpe: 0.4098
  sortino: 0.6198
  avg_drawdown: -26.14
  geometric_worst_drawdown: -64.21 (peak: 1974-10-03, trough: 1982-11-02)
  time_in_drawdown: 0.9668
  calmar: 0.07539
  avg_return_to_drawdown: 0.2833
  avg_loss: -0.8207
  avg_gain: 0.8903
  gaintolossratio: 1.085
  profitfactor: 1.07
  hitrate: 0.4966
  t_stat: 2.968
  p_value: 0.003007

SP500 B&H percent stats:
  Data period: 1982-09-14 to 2024-03-28
  Daily:
    min: -21.64
    max: 5.83
    median: 0.057
    mean: 0.04388
    std: 1.365
    skew: -0.998
  ann_mean: 11.23
  ann_std: 21.84
  sharpe: 0.5142
  sortino: 0.6586
  avg_drawdown: -19.08
  geometric_worst_drawdown: -63.69 (peak: 1999-07-16, trough: 2009-03-09)
  time_in_drawdown: 0.9439
  calmar: 0.123
  avg_return_to_drawdown: 0.5887
  avg_loss: -0.9727
  avg_gain: 0.9902
  gaintolossratio: 1.018
  profitfactor: 1.094
  hitrate: 0.5179
  t_stat: 3.346
  p_value: 0.0008233
