estimatedsystem.py run at 2026-02-24T12:28:06.858348

Data period: 1984-01-03 to 2024-03-28

Sharpe: 0.5647292539864627

Percent stats:
  min: -23.12
  max: 8.152
  median: 0.03539
  mean: 0.04532
  std: 1.284
  skew: -0.7534
  ann_mean: 11.6
  ann_std: 20.54
  sharpe: 0.5647
  sortino: 0.7181
  avg_drawdown: -16.45
  geometric_worst_drawdown: -45.06 (peak: 1988-06-27, trough: 1991-08-01)
  time_in_drawdown: 0.9628
  calmar: 0.2072
  avg_return_to_drawdown: 0.7051
  avg_loss: -0.8889
  avg_gain: 0.8835
  gaintolossratio: 0.994
  profitfactor: 1.11
  hitrate: 0.5276
  t_stat: 3.616
  p_value: 0.0003002

  You can also plot / print: ['rolling_ann_std', 'drawdown', 'curve', 'percent'] (time series)

B&H percent stats:
  Data period: 1984-01-03 to 2024-03-28
  min: -8.416
  max: 7.05
  median: 0.006922
  mean: 0.03475
  std: 1.108
  skew: -0.08567
  ann_mean: 8.895
  ann_std: 17.72
  sharpe: 0.5019
  sortino: 0.7522
  avg_drawdown: -16.51
  geometric_worst_drawdown: -56.30 (peak: 2012-12-10, trough: 2018-11-08)
  time_in_drawdown: 0.9566
  calmar: 0.1173
  avg_return_to_drawdown: 0.5387
  avg_loss: -0.8083
  avg_gain: 0.8626
  gaintolossratio: 1.067
  profitfactor: 1.087
  hitrate: 0.5046
  t_stat: 3.214
  p_value: 0.001314

SP500 B&H percent stats:
  Data period: 1984-01-03 to 2024-03-28
  Daily:
    min: -21.53
    max: 5.772
    median: 0.05637
    mean: 0.04259
    std: 1.372
    skew: -1.005
  ann_mean: 10.9
  ann_std: 21.95
  sharpe: 0.4966
  sortino: 0.6341
  avg_drawdown: -19.46
  geometric_worst_drawdown: -63.64 (peak: 1999-07-16, trough: 2009-03-09)
  time_in_drawdown: 0.9452
  calmar: 0.1196
  avg_return_to_drawdown: 0.5602
  avg_loss: -0.9777
  avg_gain: 0.9931
  gaintolossratio: 1.016
  profitfactor: 1.09
  hitrate: 0.5177
  t_stat: 3.18
  p_value: 0.001475
