estimatedsystem.py run at 2026-03-03T20:50:12.924133

Data period: 1993-01-29 to 2024-03-28

Sharpe: 0.539

Percent stats:
  Daily:
    min: -38.66
    max: 17.08
    median: 0.03838
    mean: 0.04229
    std: 1.255
    skew: -3.51
  ann_mean: 10.83
  ann_std: 20.09
  sharpe: 0.539
  sortino: 0.6228
  avg_drawdown: -12.15
  geometric_worst_drawdown: -44.74 (peak: 1997-10-22, trough: 1997-10-27)
  time_in_drawdown: 0.9556
  calmar: 0.2217
  avg_return_to_drawdown: 0.8912
  avg_loss: -0.8129
  avg_gain: 0.8086
  gaintolossratio: 0.9948
  profitfactor: 1.112
  hitrate: 0.5278
  t_stat: 3.037
  p_value: 0.002394

  You can also plot / print: ['rolling_ann_std', 'drawdown', 'curve', 'percent'] (time series)

B&H percent stats:
  Data period: 1993-01-29 to 2024-03-28
  Daily:
    min: -9.251
    max: 4.875
    median: 0.03168
    mean: 0.03056
    std: 1.058
    skew: -0.2857
  ann_mean: 7.824
  ann_std: 16.92
  sharpe: 0.4623
  sortino: 0.6651
  avg_drawdown: -17.56
  geometric_worst_drawdown: -56.78 (peak: 2012-12-06, trough: 2018-11-08)
  time_in_drawdown: 0.9522
  calmar: 0.1036
  avg_return_to_drawdown: 0.4456
  avg_loss: -0.7827
  avg_gain: 0.8036
  gaintolossratio: 1.027
  profitfactor: 1.08
  hitrate: 0.5127
  t_stat: 2.605
  p_value: 0.009197

SP500 B&H percent stats:
  Data period: 1993-01-29 to 2024-03-28
  Daily:
    min: -11.19
    max: 5.652
    median: 0.06628
    mean: 0.04462
    std: 1.352
    skew: -0.6007
  ann_mean: 11.42
  ann_std: 21.63
  sharpe: 0.5281
  sortino: 0.6939
  avg_drawdown: -20.13
  geometric_worst_drawdown: -62.56 (peak: 1999-07-16, trough: 2009-03-09)
  time_in_drawdown: 0.9405
  calmar: 0.1298
  avg_return_to_drawdown: 0.5674
  avg_loss: -0.9861
  avg_gain: 0.9926
  gaintolossratio: 1.007
  profitfactor: 1.095
  hitrate: 0.5209
  t_stat: 2.976
  p_value: 0.00293

SPY B&H percent stats:
  Data period: 1993-01-29 to 2024-03-28
  Daily:
    min: -9.729
    max: 6.448
    median: 0.05452
    mean: 0.05802
    std: 1.355
    skew: -0.5397
  ann_mean: 14.85
  ann_std: 21.68
  sharpe: 0.6851
  sortino: 0.9122
  avg_drawdown: -14.49
  geometric_worst_drawdown: -55.92 (peak: 2000-03-24, trough: 2003-03-11)
  time_in_drawdown: 0.9269
  calmar: 0.1982
  avg_return_to_drawdown: 1.025
  avg_loss: -0.9744
  avg_gain: 1.02
  gaintolossratio: 1.046
  profitfactor: 1.124
  hitrate: 0.5178
  t_stat: 3.861
  p_value: 0.0001138
